This is pdfTeX, Version 3.1415926-2.3-1.40.12 (MiKTeX 2.9 64-bit) (preloaded format=pdflatex 2014.8.28)  28 AUG 2014 19:54
entering extended mode
**//win4.ad.dcs.gla.ac.uk/it13/homes/2108535r/Downloads/ITECH/Project/Project/L
atex/mproj.tex

(//win4.ad.dcs.gla.ac.uk/it13/homes/2108535r/Downloads/ITECH/Project/Project/La
tex/mproj.tex
LaTeX2e <2009/09/24>
Babel <v3.8l> and hyphenation patterns for english, afrikaans, ancientgreek, ar
abic, armenian, assamese, basque, bengali, bokmal, bulgarian, catalan, coptic, 
croatian, czech, danish, dutch, esperanto, estonian, farsi, finnish, french, ga
lician, german, german-x-2009-06-19, greek, gujarati, hindi, hungarian, iceland
ic, indonesian, interlingua, irish, italian, kannada, kurmanji, lao, latin, lat
vian, lithuanian, malayalam, marathi, mongolian, mongolianlmc, monogreek, ngerm
an, ngerman-x-2009-06-19, nynorsk, oriya, panjabi, pinyin, polish, portuguese, 
romanian, russian, sanskrit, serbian, slovak, slovenian, spanish, swedish, swis
sgerman, tamil, telugu, turkish, turkmen, ukenglish, ukrainian, uppersorbian, u
senglishmax, welsh, loaded.

(\\win4.ad.dcs.gla.ac.uk\it13\homes\2108535r\Downloads\ITECH\Project\Project\La
tex\mproj.cls
Document Class: mproj 2009/01/09 Colin Perkins <csp@dcs.gla.ac.uk>.2009/09/16 M
odified by Tim Storer <tws@dcs.gla.ac.uk> to support non pdf modes.2011/02/15 M
odified by Gregg Hamilton <hamiltgr@dcs.gla.ac.uk> for use in final year projec
ts.2012/02/21 Modified by Gethin Norman <gethin.norman@glasgow.ac.uk> for use i
n masters projects and proposals.
("C:\Program Files\MiKTeX 2.9\tex\latex\base\report.cls"
Document Class: report 2007/10/19 v1.4h Standard LaTeX document class
("C:\Program Files\MiKTeX 2.9\tex\latex\base\size11.clo"
File: size11.clo 2007/10/19 v1.4h Standard LaTeX file (size option)
)
\c@part=\count79
\c@chapter=\count80
\c@section=\count81
\c@subsection=\count82
\c@subsubsection=\count83
\c@paragraph=\count84
\c@subparagraph=\count85
\c@figure=\count86
\c@table=\count87
\abovecaptionskip=\skip41
\belowcaptionskip=\skip42
\bibindent=\dimen102
))
("C:\Program Files\MiKTeX 2.9\tex\latex\graphics\graphicx.sty"
Package: graphicx 1999/02/16 v1.0f Enhanced LaTeX Graphics (DPC,SPQR)

("C:\Program Files\MiKTeX 2.9\tex\latex\graphics\keyval.sty"
Package: keyval 1999/03/16 v1.13 key=value parser (DPC)
\KV@toks@=\toks14
)
("C:\Program Files\MiKTeX 2.9\tex\latex\graphics\graphics.sty"
Package: graphics 2009/02/05 v1.0o Standard LaTeX Graphics (DPC,SPQR)

("C:\Program Files\MiKTeX 2.9\tex\latex\graphics\trig.sty"
Package: trig 1999/03/16 v1.09 sin cos tan (DPC)
)
("C:\Program Files\MiKTeX 2.9\tex\latex\00miktex\graphics.cfg"
File: graphics.cfg 2007/01/18 v1.5 graphics configuration of teTeX/TeXLive
)
Package graphics Info: Driver file: pdftex.def on input line 91.

("C:\Program Files\MiKTeX 2.9\tex\latex\pdftex-def\pdftex.def"
File: pdftex.def 2011/05/27 v0.06d Graphics/color for pdfTeX

("C:\Program Files\MiKTeX 2.9\tex\generic\oberdiek\infwarerr.sty"
Package: infwarerr 2010/04/08 v1.3 Providing info/warning/message (HO)
)
("C:\Program Files\MiKTeX 2.9\tex\generic\oberdiek\ltxcmds.sty"
Package: ltxcmds 2011/04/18 v1.20 LaTeX kernel commands for general use (HO)
)
\Gread@gobject=\count88
))
\Gin@req@height=\dimen103
\Gin@req@width=\dimen104
)
("\\win4.ad.dcs.gla.ac.uk\it13\homes\2108535R\Application Data\MiKTeX\2.9\tex\l
atex\caption\subcaption.sty"
Package: subcaption 2013/02/03 v1.1-62 Sub-captions (AR)

("\\win4.ad.dcs.gla.ac.uk\it13\homes\2108535R\Application Data\MiKTeX\2.9\tex\l
atex\caption\caption.sty"
Package: caption 2013/05/02 v3.3-89 Customizing captions (AR)

("\\win4.ad.dcs.gla.ac.uk\it13\homes\2108535R\Application Data\MiKTeX\2.9\tex\l
atex\caption\caption3.sty"
Package: caption3 2013/05/02 v1.6-88 caption3 kernel (AR)
Package caption3 Info: TeX engine: e-TeX on input line 57.
\captionmargin=\dimen105
\captionmargin@=\dimen106
\captionwidth=\dimen107
\caption@tempdima=\dimen108
\caption@indent=\dimen109
\caption@parindent=\dimen110
\caption@hangindent=\dimen111
)
\c@ContinuedFloat=\count89
)
\c@subfigure=\count90
\c@subtable=\count91
)
("\\win4.ad.dcs.gla.ac.uk\it13\homes\2108535R\Application Data\MiKTeX\2.9\tex\l
atex\subfig\subfig.sty"
Package: subfig 2005/06/28 ver: 1.3 subfig package
\c@KVtest=\count92
\sf@farskip=\skip43
\sf@captopadj=\dimen112
\sf@capskip=\skip44
\sf@nearskip=\skip45
\sf@top=\skip46
\sf@bottom=\skip47
) ("C:\Program Files\MiKTeX 2.9\tex\latex\ltxmisc\url.sty"
\Urlmuskip=\muskip10
Package: url 2006/04/12  ver 3.3  Verb mode for urls, etc.
)
("\\win4.ad.dcs.gla.ac.uk\it13\homes\2108535R\Application Data\MiKTeX\2.9\tex\l
atex\fancyvrb\fancyvrb.sty"
Package: fancyvrb 2008/02/07

Style option: `fancyvrb' v2.7a, with DG/SPQR fixes, and firstline=lastline fix 
<2008/02/07> (tvz)
\FV@CodeLineNo=\count93
\FV@InFile=\read1
\FV@TabBox=\box26
\c@FancyVerbLine=\count94
\FV@StepNumber=\count95
\FV@OutFile=\write3
)
("\\win4.ad.dcs.gla.ac.uk\it13\homes\2108535R\Application Data\MiKTeX\2.9\tex\l
atex\pdfpages\pdfpages.sty"
Package: pdfpages 2013/08/25 v0.4v Insert pages of external PDF documents (AM)

("C:\Program Files\MiKTeX 2.9\tex\latex\base\ifthen.sty"
Package: ifthen 2001/05/26 v1.1c Standard LaTeX ifthen package (DPC)
)
("C:\Program Files\MiKTeX 2.9\tex\latex\tools\calc.sty"
Package: calc 2007/08/22 v4.3 Infix arithmetic (KKT,FJ)
\calc@Acount=\count96
\calc@Bcount=\count97
\calc@Adimen=\dimen113
\calc@Bdimen=\dimen114
\calc@Askip=\skip48
\calc@Bskip=\skip49
LaTeX Info: Redefining \setlength on input line 76.
LaTeX Info: Redefining \addtolength on input line 77.
\calc@Ccount=\count98
\calc@Cskip=\skip50
)
("\\win4.ad.dcs.gla.ac.uk\it13\homes\2108535R\Application Data\MiKTeX\2.9\tex\l
atex\eso-pic\eso-pic.sty"
Package: eso-pic 2013/10/06 v2.0d eso-pic (RN)

("C:\Program Files\MiKTeX 2.9\tex\generic\oberdiek\atbegshi.sty"
Package: atbegshi 2011/01/30 v1.15 At begin shipout hook (HO)

("C:\Program Files\MiKTeX 2.9\tex\generic\oberdiek\ifpdf.sty"
Package: ifpdf 2011/01/30 v2.3 Provides the ifpdf switch (HO)
Package ifpdf Info: pdfTeX in PDF mode is detected.
))
("\\win4.ad.dcs.gla.ac.uk\it13\homes\2108535R\Application Data\MiKTeX\2.9\tex\l
atex\xcolor\xcolor.sty"
Package: xcolor 2007/01/21 v2.11 LaTeX color extensions (UK)

("C:\Program Files\MiKTeX 2.9\tex\latex\00miktex\color.cfg"
File: color.cfg 2007/01/18 v1.5 color configuration of teTeX/TeXLive
)
Package xcolor Info: Driver file: pdftex.def on input line 225.
Package xcolor Info: Model `cmy' substituted by `cmy0' on input line 1337.
Package xcolor Info: Model `hsb' substituted by `rgb' on input line 1341.
Package xcolor Info: Model `RGB' extended on input line 1353.
Package xcolor Info: Model `HTML' substituted by `rgb' on input line 1355.
Package xcolor Info: Model `Hsb' substituted by `hsb' on input line 1356.
Package xcolor Info: Model `tHsb' substituted by `hsb' on input line 1357.
Package xcolor Info: Model `HSB' substituted by `hsb' on input line 1358.
Package xcolor Info: Model `Gray' substituted by `gray' on input line 1359.
Package xcolor Info: Model `wave' substituted by `hsb' on input line 1360.
))
("\\win4.ad.dcs.gla.ac.uk\it13\homes\2108535R\Application Data\MiKTeX\2.9\tex\l
atex\pdfpages\pppdftex.def"
File: pppdftex.def 2013/08/25 v0.4v Pdfpages driver for pdfTeX (AM)
)
\AM@pagebox=\box27
\AM@toc@title=\toks15
\c@AM@survey=\count99
\AM@templatesizebox=\box28
)
("\\win4.ad.dcs.gla.ac.uk\it13\homes\2108535R\Application Data\MiKTeX\2.9\tex\l
atex\subfloat\subfloat.sty"
Package: subfloat 2003/08/21 version 2.14
 Package `subfloat', Version 2.14 of 2003/08/21.

Package subfloat Warning: Numbers of floats not counted:
(subfloat)                If you use one of the counters subfloatfiguremax or
(subfloat)                subfloattablemax you will get strange error messages
(subfloat)                containing \c@subfloatfiguremax or
(subfloat)                \c@subfloattablemax:
(subfloat)                Please switch on countmax or remove the code using
(subfloat)                the counter then..

)
("\\win4.ad.dcs.gla.ac.uk\it13\homes\2108535R\Application Data\MiKTeX\2.9\tex\l
atex\floatrow\floatrow.sty"
Package: floatrow 2008/08/02 v0.3b floatrow: float package extension
\c@float@type=\count100
\float@exts=\toks16
\float@box=\box29
\@floatcapt=\box30
Package floatrow Info: Modified float package code loaded on input line 455.
Package floatrow Info: Modified rotfloat package code loaded on input line 473.

\FR@everyfloat=\toks17
\flrow@foot=\insert233
\FB@wd=\dimen115
\FBo@wd=\dimen116
\FBc@wd=\dimen117
\FBo@ht=\skip51
\FBc@ht=\skip52
\FBf@ht=\skip53
\FBo@max=\skip54
\FBc@max=\skip55
\FBf@max=\skip56
\c@FBl@b=\count101
\floatbox@depth=\count102
\c@FRobj=\count103
\c@FRsobj=\count104
\Xhsize=\skip57
\sXhsize=\skip58
\Zhsize=\skip59
\sZhsize=\skip60
\flrow@rowbox=\box31
\FR@Zunitlength=\dimen118
\c@FBcnt=\count105
\FPOScnt=\count106
\LTleft=\skip61
\LTright=\skip62
\LTleft=\skip63
\LTright=\skip64
\flrow@types=\toks18
)
("\\win4.ad.dcs.gla.ac.uk\it13\homes\2108535R\Application Data\MiKTeX\2.9\tex\l
atex\wrapfig\wrapfig.sty"
\wrapoverhang=\dimen119
\WF@size=\dimen120
\c@WF@wrappedlines=\count107
\WF@box=\box32
\WF@everypar=\toks19
Package: wrapfig 2003/01/31  v 3.6
)
("\\win4.ad.dcs.gla.ac.uk\it13\homes\2108535R\Application Data\MiKTeX\2.9\tex\l
atex\picinpar\picinpar.sty"
Pictures in Paragraphs. Version 1.2a, July 13, 1993
\br=\count108
\bl=\count109
\na=\count110
\nb=\count111
\tcdsav=\count112
\tcl=\count113
\tcd=\count114
\tcn=\count115
\cumtcl=\count116
\cumpartcl=\count117
\lftside=\dimen121
\rtside=\dimen122
\hpic=\dimen123
\vpic=\dimen124
\strutilg=\dimen125
\picwd=\dimen126
\topheight=\dimen127
\ilg=\dimen128
\lpic=\dimen129
\lwindowsep=\dimen130
\rwindowsep=\dimen131
\cumpar=\dimen132
\twa=\toks20
\la=\toks21
\ra=\toks22
\ha=\toks23
\pictoc=\toks24
\rawtext=\box33
\holder=\box34
\windowbox=\box35
\wartext=\box36
\finaltext=\box37
\aslice=\box38
\bslice=\box39
\wbox=\box40
\wstrutbox=\box41
\picbox=\box42
\waslice=\box43
\wbslice=\box44
\fslice=\box45
)
("\\win4.ad.dcs.gla.ac.uk\it13\homes\2108535R\Application Data\MiKTeX\2.9\tex\l
atex\fancyref\fancyref.sty"
Package: fancyref 1999/02/03 v0.9c Fancy cross-referencing

("C:\Program Files\MiKTeX 2.9\tex\latex\tools\varioref.sty"
Package: varioref 2009/09/13 v1.4w package for extended references (FMi)
\c@vrcnt=\count118
))
("C:\Program Files\MiKTeX 2.9\tex\latex\ams\math\amsmath.sty"
Package: amsmath 2000/07/18 v2.13 AMS math features
\@mathmargin=\skip65

For additional information on amsmath, use the `?' option.
("C:\Program Files\MiKTeX 2.9\tex\latex\ams\math\amstext.sty"
Package: amstext 2000/06/29 v2.01

("C:\Program Files\MiKTeX 2.9\tex\latex\ams\math\amsgen.sty"
File: amsgen.sty 1999/11/30 v2.0
\@emptytoks=\toks25
\ex@=\dimen133
))
("C:\Program Files\MiKTeX 2.9\tex\latex\ams\math\amsbsy.sty"
Package: amsbsy 1999/11/29 v1.2d
\pmbraise@=\dimen134
)
("C:\Program Files\MiKTeX 2.9\tex\latex\ams\math\amsopn.sty"
Package: amsopn 1999/12/14 v2.01 operator names
)
\inf@bad=\count119
LaTeX Info: Redefining \frac on input line 211.
\uproot@=\count120
\leftroot@=\count121
LaTeX Info: Redefining \overline on input line 307.
\classnum@=\count122
\DOTSCASE@=\count123
LaTeX Info: Redefining \ldots on input line 379.
LaTeX Info: Redefining \dots on input line 382.
LaTeX Info: Redefining \cdots on input line 467.
\Mathstrutbox@=\box46
\strutbox@=\box47
\big@size=\dimen135
LaTeX Font Info:    Redeclaring font encoding OML on input line 567.
LaTeX Font Info:    Redeclaring font encoding OMS on input line 568.
\macc@depth=\count124
\c@MaxMatrixCols=\count125
\dotsspace@=\muskip11
\c@parentequation=\count126
\dspbrk@lvl=\count127
\tag@help=\toks26
\row@=\count128
\column@=\count129
\maxfields@=\count130
\andhelp@=\toks27
\eqnshift@=\dimen136
\alignsep@=\dimen137
\tagshift@=\dimen138
\tagwidth@=\dimen139
\totwidth@=\dimen140
\lineht@=\dimen141
\@envbody=\toks28
\multlinegap=\skip66
\multlinetaggap=\skip67
\mathdisplay@stack=\toks29
LaTeX Info: Redefining \[ on input line 2666.
LaTeX Info: Redefining \] on input line 2667.
)
("C:\Program Files\MiKTeX 2.9\tex\latex\psnfss\helvet.sty"
Package: helvet 2005/04/12 PSNFSS-v9.2a (WaS) 
)
("C:\Program Files\MiKTeX 2.9\tex\latex\base\fontenc.sty"
Package: fontenc 2005/09/27 v1.99g Standard LaTeX package

("C:\Program Files\MiKTeX 2.9\tex\latex\base\t1enc.def"
File: t1enc.def 2005/09/27 v1.99g Standard LaTeX file
LaTeX Font Info:    Redeclaring font encoding T1 on input line 43.
))
("C:\Program Files\MiKTeX 2.9\tex\latex\base\textcomp.sty"
Package: textcomp 2005/09/27 v1.99g Standard LaTeX package
Package textcomp Info: Sub-encoding information:
(textcomp)               5 = only ISO-Adobe without \textcurrency
(textcomp)               4 = 5 + \texteuro
(textcomp)               3 = 4 + \textohm
(textcomp)               2 = 3 + \textestimated + \textcurrency
(textcomp)               1 = TS1 - \textcircled - \t
(textcomp)               0 = TS1 (full)
(textcomp)             Font families with sub-encoding setting implement
(textcomp)             only a restricted character set as indicated.
(textcomp)             Family '?' is the default used for unknown fonts.
(textcomp)             See the documentation for details.
Package textcomp Info: Setting ? sub-encoding to TS1/1 on input line 71.

("C:\Program Files\MiKTeX 2.9\tex\latex\base\ts1enc.def"
File: ts1enc.def 2001/06/05 v3.0e (jk/car/fm) Standard LaTeX file
)
LaTeX Info: Redefining \oldstylenums on input line 266.
Package textcomp Info: Setting cmr sub-encoding to TS1/0 on input line 281.
Package textcomp Info: Setting cmss sub-encoding to TS1/0 on input line 282.
Package textcomp Info: Setting cmtt sub-encoding to TS1/0 on input line 283.
Package textcomp Info: Setting cmvtt sub-encoding to TS1/0 on input line 284.
Package textcomp Info: Setting cmbr sub-encoding to TS1/0 on input line 285.
Package textcomp Info: Setting cmtl sub-encoding to TS1/0 on input line 286.
Package textcomp Info: Setting ccr sub-encoding to TS1/0 on input line 287.
Package textcomp Info: Setting ptm sub-encoding to TS1/4 on input line 288.
Package textcomp Info: Setting pcr sub-encoding to TS1/4 on input line 289.
Package textcomp Info: Setting phv sub-encoding to TS1/4 on input line 290.
Package textcomp Info: Setting ppl sub-encoding to TS1/3 on input line 291.
Package textcomp Info: Setting pag sub-encoding to TS1/4 on input line 292.
Package textcomp Info: Setting pbk sub-encoding to TS1/4 on input line 293.
Package textcomp Info: Setting pnc sub-encoding to TS1/4 on input line 294.
Package textcomp Info: Setting pzc sub-encoding to TS1/4 on input line 295.
Package textcomp Info: Setting bch sub-encoding to TS1/4 on input line 296.
Package textcomp Info: Setting put sub-encoding to TS1/5 on input line 297.
Package textcomp Info: Setting uag sub-encoding to TS1/5 on input line 298.
Package textcomp Info: Setting ugq sub-encoding to TS1/5 on input line 299.
Package textcomp Info: Setting ul8 sub-encoding to TS1/4 on input line 300.
Package textcomp Info: Setting ul9 sub-encoding to TS1/4 on input line 301.
Package textcomp Info: Setting augie sub-encoding to TS1/5 on input line 302.
Package textcomp Info: Setting dayrom sub-encoding to TS1/3 on input line 303.
Package textcomp Info: Setting dayroms sub-encoding to TS1/3 on input line 304.

Package textcomp Info: Setting pxr sub-encoding to TS1/0 on input line 305.
Package textcomp Info: Setting pxss sub-encoding to TS1/0 on input line 306.
Package textcomp Info: Setting pxtt sub-encoding to TS1/0 on input line 307.
Package textcomp Info: Setting txr sub-encoding to TS1/0 on input line 308.
Package textcomp Info: Setting txss sub-encoding to TS1/0 on input line 309.
Package textcomp Info: Setting txtt sub-encoding to TS1/0 on input line 310.
Package textcomp Info: Setting futs sub-encoding to TS1/4 on input line 311.
Package textcomp Info: Setting futx sub-encoding to TS1/4 on input line 312.
Package textcomp Info: Setting futj sub-encoding to TS1/4 on input line 313.
Package textcomp Info: Setting hlh sub-encoding to TS1/3 on input line 314.
Package textcomp Info: Setting hls sub-encoding to TS1/3 on input line 315.
Package textcomp Info: Setting hlst sub-encoding to TS1/3 on input line 316.
Package textcomp Info: Setting hlct sub-encoding to TS1/5 on input line 317.
Package textcomp Info: Setting hlx sub-encoding to TS1/5 on input line 318.
Package textcomp Info: Setting hlce sub-encoding to TS1/5 on input line 319.
Package textcomp Info: Setting hlcn sub-encoding to TS1/5 on input line 320.
Package textcomp Info: Setting hlcw sub-encoding to TS1/5 on input line 321.
Package textcomp Info: Setting hlcf sub-encoding to TS1/5 on input line 322.
Package textcomp Info: Setting pplx sub-encoding to TS1/3 on input line 323.
Package textcomp Info: Setting pplj sub-encoding to TS1/3 on input line 324.
Package textcomp Info: Setting ptmx sub-encoding to TS1/4 on input line 325.
Package textcomp Info: Setting ptmj sub-encoding to TS1/4 on input line 326.
)
(\\win4.ad.dcs.gla.ac.uk\it13\homes\2108535r\Downloads\ITECH\Project\Project\La
tex\mproj.aux

LaTeX Warning: Label `gain1' multiply defined.


LaTeX Warning: Label `gain1' multiply defined.


LaTeX Warning: Label `gain1' multiply defined.


LaTeX Warning: Label `' multiply defined.


LaTeX Warning: Label `sub@' multiply defined.

)
LaTeX Font Info:    Checking defaults for OML/cmm/m/it on input line 35.
LaTeX Font Info:    ... okay on input line 35.
LaTeX Font Info:    Checking defaults for T1/cmr/m/n on input line 35.
LaTeX Font Info:    ... okay on input line 35.
LaTeX Font Info:    Checking defaults for OT1/cmr/m/n on input line 35.
LaTeX Font Info:    ... okay on input line 35.
LaTeX Font Info:    Checking defaults for OMS/cmsy/m/n on input line 35.
LaTeX Font Info:    ... okay on input line 35.
LaTeX Font Info:    Checking defaults for OMX/cmex/m/n on input line 35.
LaTeX Font Info:    ... okay on input line 35.
LaTeX Font Info:    Checking defaults for U/cmr/m/n on input line 35.
LaTeX Font Info:    ... okay on input line 35.
LaTeX Font Info:    Checking defaults for TS1/cmr/m/n on input line 35.
LaTeX Font Info:    Try loading font information for TS1+cmr on input line 35.
 ("C:\Program Files\MiKTeX 2.9\tex\latex\base\ts1cmr.fd"
File: ts1cmr.fd 1999/05/25 v2.5h Standard LaTeX font definitions
)
LaTeX Font Info:    ... okay on input line 35.
LaTeX Font Info:    Try loading font information for T1+phv on input line 35.

("C:\Program Files\MiKTeX 2.9\tex\latex\psnfss\t1phv.fd"
File: t1phv.fd 2001/06/04 scalable font definitions for T1/phv.
)
("\\win4.ad.dcs.gla.ac.uk\it13\homes\2108535R\Application Data\MiKTeX\2.9\tex\c
ontext\base\supp-pdf.mkii"
[Loading MPS to PDF converter (version 2006.09.02).]
\scratchcounter=\count131
\scratchdimen=\dimen142
\scratchbox=\box48
\nofMPsegments=\count132
\nofMParguments=\count133
\everyMPshowfont=\toks30
\MPscratchCnt=\count134
\MPscratchDim=\dimen143
\MPnumerator=\count135
\makeMPintoPDFobject=\count136
\everyMPtoPDFconversion=\toks31
)
Package caption Info: Begin \AtBeginDocument code.
Package caption Info: subfig package v1.3 is loaded.
Package caption Info: floatrow package is loaded.
Package caption Info: float package is loaded.
Package caption Info: floatrow package is loaded.
Package caption Info: picinpar package is loaded.
Package caption Info: wrapfig package is loaded.
Package caption Info: End \AtBeginDocument code.
\AtBeginShipoutBox=\box49

("\\win4.ad.dcs.gla.ac.uk\it13\homes\2108535R\Application Data\MiKTeX\2.9\tex\l
atex\floatrow\fr-subfig.sty"
Package: fr-subfig 2007/12/24 v0.1g (beta) floatrow: additions for subfig
\FBsc@max=\skip68
\FBso@max=\skip69
)
<images/CompSci_colour.pdf, id=1, 340.27126pt x 49.18375pt>
File: images/CompSci_colour.pdf Graphic file (type pdf)

<use images/CompSci_colour.pdf>
Package pdftex.def Info: images/CompSci_colour.pdf used on input line 41.
(pdftex.def)             Requested size: 300.43684pt x 9.35004pt.
LaTeX Font Info:    Font shape `T1/phv/bx/n' in size <14.4> not available
(Font)              Font shape `T1/phv/b/n' tried instead on input line 41.
LaTeX Font Info:    Font shape `T1/phv/bx/n' in size <24.88> not available
(Font)              Font shape `T1/phv/b/n' tried instead on input line 41.
 [1

{C:/Users/2108535R.DCS.007/AppData/Local/MiKTeX/2.9/pdftex/config/pdftex.map} <
//win4.ad.dcs.gla.ac.uk/it13/homes/2108535r/Downloads/ITECH/Project/Project/Lat
ex/images/CompSci_colour.pdf>]
LaTeX Font Info:    Font shape `T1/phv/bx/n' in size <10.95> not available
(Font)              Font shape `T1/phv/b/n' tried instead on input line 45.
 [1] [1]
[2]
(\\win4.ad.dcs.gla.ac.uk\it13\homes\2108535r\Downloads\ITECH\Project\Project\La
tex\mproj.toc [3

] [4])
\tf@toc=\write4
 [5]
(\\win4.ad.dcs.gla.ac.uk\it13\homes\2108535r\Downloads\ITECH\Project\Project\La
tex\mproj.lof [6

])
\tf@lof=\write5
 [7]
Chapter 1.
LaTeX Font Info:    Font shape `T1/phv/bx/n' in size <20.74> not available
(Font)              Font shape `T1/phv/b/n' tried instead on input line 67.
LaTeX Font Info:    Font shape `T1/phv/bx/n' in size <12> not available
(Font)              Font shape `T1/phv/b/n' tried instead on input line 70.
[8

]
Chapter 2.
LaTeX Font Info:    Font shape `T1/phv/m/it' in size <10.95> not available
(Font)              Font shape `T1/phv/m/sl' tried instead on input line 95.
<images/clam1.png, id=44, 159.59625pt x 99.37125pt>
File: images/clam1.png Graphic file (type png)
 <use images/clam1.png>
Package pdftex.def Info: images/clam1.png used on input line 105.
(pdftex.def)             Requested size: 129.68231pt x 80.7465pt.

<images/clam2.png, id=46, 150.5625pt x 98.61844pt>
File: images/clam2.png Graphic file (type png)
 <use images/clam2.png>
Package pdftex.def Info: images/clam2.png used on input line 112.
(pdftex.def)             Requested size: 129.68231pt x 84.95013pt.

<images/clam3.png, id=47, 152.82094pt x 116.68594pt>
File: images/clam3.png Graphic file (type png)
 <use images/clam3.png>
Package pdftex.def Info: images/clam3.png used on input line 120.
(pdftex.def)             Requested size: 129.68231pt x 99.02325pt.


LaTeX Warning: `!h' float specifier changed to `!ht'.

[9

] <images/gain1.png, id=52, 198.7425pt x 143.78719pt>
File: images/gain1.png Graphic file (type png)
 <use images/gain1.png>
Package pdftex.def Info: images/gain1.png used on input line 136.
(pdftex.def)             Requested size: 172.90535pt x 125.09822pt.

<images/gain2.png, id=53, 195.73125pt x 145.29282pt>
File: images/gain2.png Graphic file (type png)
 <use images/gain2.png>
Package pdftex.def Info: images/gain2.png used on input line 149.
(pdftex.def)             Requested size: 211.81467pt x 157.23979pt.

<images/gain3.png, id=54, 197.23688pt x 157.33781pt>
File: images/gain3.png Graphic file (type png)
 <use images/gain3.png>
Package pdftex.def Info: images/gain3.png used on input line 155.
(pdftex.def)             Requested size: 211.81467pt x 168.96678pt.


LaTeX Warning: `!h' float specifier changed to `!ht'.

[10 <//win4.ad.dcs.gla.ac.uk/it13/homes/2108535r/Downloads/ITECH/Project/Projec
t/Latex/images/clam1.png> <//win4.ad.dcs.gla.ac.uk/it13/homes/2108535r/Download
s/ITECH/Project/Project/Latex/images/clam2.png> <//win4.ad.dcs.gla.ac.uk/it13/h
omes/2108535r/Downloads/ITECH/Project/Project/Latex/images/clam3.png> <//win4.a
d.dcs.gla.ac.uk/it13/homes/2108535r/Downloads/ITECH/Project/Project/Latex/image
s/gain1.png>] [11 <//win4.ad.dcs.gla.ac.uk/it13/homes/2108535r/Downloads/ITECH/
Project/Project/Latex/images/gain2.png> <//win4.ad.dcs.gla.ac.uk/it13/homes/210
8535r/Downloads/ITECH/Project/Project/Latex/images/gain3.png>]
LaTeX Font Info:    Try loading font information for TS1+phv on input line 170.


("C:\Program Files\MiKTeX 2.9\tex\latex\psnfss\ts1phv.fd"
File: ts1phv.fd 2001/06/04 scalable font definitions for TS1/phv.
) [12] [13]
<images/enrichment1.png, id=74, 490.83376pt x 198.7425pt>
File: images/enrichment1.png Graphic file (type png)

<use images/enrichment1.png>
Package pdftex.def Info: images/enrichment1.png used on input line 243.
(pdftex.def)             Requested size: 345.8173pt x 140.02856pt.

<images/enrichment2.png, id=75, 483.30562pt x 212.29312pt>
File: images/enrichment2.png Graphic file (type png)

<use images/enrichment2.png>
Package pdftex.def Info: images/enrichment2.png used on input line 249.
(pdftex.def)             Requested size: 345.8173pt x 151.90828pt.

<images/enricment3.png, id=76, 482.55281pt x 176.15813pt>
File: images/enricment3.png Graphic file (type png)

<use images/enricment3.png>
Package pdftex.def Info: images/enricment3.png used on input line 255.
(pdftex.def)             Requested size: 345.8173pt x 126.24507pt.
 [14 <//win4.ad.dcs.gla.ac.uk/it13/homes/2108535r/Downloads/ITECH/Project/Proje
ct/Latex/images/enrichment1.png>] [15 <//win4.ad.dcs.gla.ac.uk/it13/homes/21085
35r/Downloads/ITECH/Project/Project/Latex/images/enrichment2.png> <//win4.ad.dc
s.gla.ac.uk/it13/homes/2108535r/Downloads/ITECH/Project/Project/Latex/images/en
ricment3.png>] [16]
Chapter 3.
<images/nav.png, id=90, 1444.64719pt x 100.12407pt>
File: images/nav.png Graphic file (type png)
 <use images/nav.png>
Package pdftex.def Info: images/nav.png used on input line 288.
(pdftex.def)             Requested size: 432.26999pt x 29.95952pt.

[17

 <//win4.ad.dcs.gla.ac.uk/it13/homes/2108535r/Downloads/ITECH/Project/Project/L
atex/images/nav.png>]
<images/homescreen.png, id=95, 1428.83812pt x 733.99219pt>
File: images/homescreen.png Graphic file (type png)

<use images/homescreen.png>
Package pdftex.def Info: images/homescreen.png used on input line 314.
(pdftex.def)             Requested size: 518.72266pt x 266.46574pt.

<images/register.png, id=96, 571.38469pt x 621.07031pt>
File: images/register.png Graphic file (type png)

<use images/register.png>
Package pdftex.def Info: images/register.png used on input line 323.
(pdftex.def)             Requested size: 216.135pt x 234.92882pt.
 [18 <//win4.ad.dcs.gla.ac.uk/it13/homes/2108535r/Downloads/ITECH/Project/Proje
ct/Latex/images/homescreen.png>]
<images/worldmap.png, id=100, 1445.4pt x 813.0375pt>
File: images/worldmap.png Graphic file (type png)
 <use images/worldmap.png>
Package pdftex.def Info: images/worldmap.png used on input line 337.
(pdftex.def)             Requested size: 518.72266pt x 291.77524pt.

[19 <//win4.ad.dcs.gla.ac.uk/it13/homes/2108535r/Downloads/ITECH/Project/Projec
t/Latex/images/register.png> <//win4.ad.dcs.gla.ac.uk/it13/homes/2108535r/Downl
oads/ITECH/Project/Project/Latex/images/worldmap.png>]
<images/cali.png, id=104, 648.92438pt x 606.76688pt>
File: images/cali.png Graphic file (type png)
 <use images/cali.png>
Package pdftex.def Info: images/cali.png used on input line 346.
(pdftex.def)             Requested size: 172.90535pt x 161.67201pt.

<images/mine.png, id=105, 1431.84938pt x 681.29532pt>
File: images/mine.png Graphic file (type png)
 <use images/mine.png>
Package pdftex.def Info: images/mine.png used on input line 355.
(pdftex.def)             Requested size: 518.72266pt x 246.81508pt.

[20 <//win4.ad.dcs.gla.ac.uk/it13/homes/2108535r/Downloads/ITECH/Project/Projec
t/Latex/images/cali.png> <//win4.ad.dcs.gla.ac.uk/it13/homes/2108535r/Downloads
/ITECH/Project/Project/Latex/images/mine.png>]
<images/generalstore.png, id=109, 1428.83812pt x 730.98094pt>
File: images/generalstore.png Graphic file (type png)

<use images/generalstore.png>
Package pdftex.def Info: images/generalstore.png used on input line 373.
(pdftex.def)             Requested size: 518.72266pt x 265.37256pt.
 [21 <//win4.ad.dcs.gla.ac.uk/it13/homes/2108535r/Downloads/ITECH/Project/Proje
ct/Latex/images/generalstore.png>]
<images/leaderboards.png, id=113, 1427.3325pt x 738.50906pt>
File: images/leaderboards.png Graphic file (type png)

<use images/leaderboards.png>
Package pdftex.def Info: images/leaderboards.png used on input line 387.
(pdftex.def)             Requested size: 518.72266pt x 268.38725pt.


LaTeX Warning: `h' float specifier changed to `ht'.

[22] <images/tutorial.png, id=117, 1429.59094pt x 691.83469pt>
File: images/tutorial.png Graphic file (type png)

<use images/tutorial.png>
Package pdftex.def Info: images/tutorial.png used on input line 408.
(pdftex.def)             Requested size: 518.72266pt x 251.03436pt.


LaTeX Warning: `h' float specifier changed to `ht'.

<images/achievements.png, id=118, 1430.34375pt x 737.00343pt>
File: images/achievements.png Graphic file (type png)

<use images/achievements.png>
Package pdftex.def Info: images/achievements.png used on input line 419.
(pdftex.def)             Requested size: 518.72266pt x 267.27779pt.

<images/awesome.png, id=119, 34.1275pt x 34.1275pt>
File: images/awesome.png Graphic file (type png)
 <use images/awesome.png>
Package pdftex.def Info: images/awesome.png used on input line 430.
(pdftex.def)             Requested size: 69.16107pt x 69.16556pt.

<images/banana.png, id=120, 34.1275pt x 34.1275pt>
File: images/banana.png Graphic file (type png)
 <use images/banana.png>
Package pdftex.def Info: images/banana.png used on input line 438.
(pdftex.def)             Requested size: 69.16107pt x 69.16556pt.


LaTeX Warning: `!h' float specifier changed to `!ht'.

[23 <//win4.ad.dcs.gla.ac.uk/it13/homes/2108535r/Downloads/ITECH/Project/Projec
t/Latex/images/leaderboards.png>] [24 <//win4.ad.dcs.gla.ac.uk/it13/homes/21085
35r/Downloads/ITECH/Project/Project/Latex/images/tutorial.png> <//win4.ad.dcs.g
la.ac.uk/it13/homes/2108535r/Downloads/ITECH/Project/Project/Latex/images/achie
vements.png>]
File: images/worldmap.png Graphic file (type png)
 <use images/worldmap.png>
Package pdftex.def Info: images/worldmap.png used on input line 464.
(pdftex.def)             Requested size: 259.36462pt x 145.89381pt.
File: images/cali.png Graphic file (type png)
 <use images/cali.png>
Package pdftex.def Info: images/cali.png used on input line 470.
(pdftex.def)             Requested size: 129.68231pt x 121.24937pt.
 [25 <//win4.ad.dcs.gla.ac.uk/it13/homes/2108535r/Downloads/ITECH/Project/Proje
ct/Latex/images/awesome.png> <//win4.ad.dcs.gla.ac.uk/it13/homes/2108535r/Downl
oads/ITECH/Project/Project/Latex/images/banana.png>]
<images/endofday.png, id=133, 1425.82687pt x 742.27313pt>
File: images/endofday.png Graphic file (type png)

<use images/endofday.png>
Package pdftex.def Info: images/endofday.png used on input line 512.
(pdftex.def)             Requested size: 259.36462pt x 135.01917pt.

<images/bronze.png, id=134, 303.38344pt x 487.06969pt>
File: images/bronze.png Graphic file (type png)
 <use images/bronze.png>
Package pdftex.def Info: images/bronze.png used on input line 518.
(pdftex.def)             Requested size: 86.45267pt x 138.79399pt.


LaTeX Warning: `!h' float specifier changed to `!ht'.

[26]
File: images/generalstore.png Graphic file (type png)
 <use images/generalstore.png>
Package pdftex.def Info: images/generalstore.png used on input line 534.
(pdftex.def)             Requested size: 259.36462pt x 132.68628pt.

<images/nogold.png, id=138, 301.8778pt x 183.68625pt>
File: images/nogold.png Graphic file (type png)
 <use images/nogold.png>
Package pdftex.def Info: images/nogold.png used on input line 540.
(pdftex.def)             Requested size: 129.68231pt x 78.90785pt.

<images/yukon.png, id=139, 1437.11906pt x 730.98094pt>
File: images/yukon.png Graphic file (type png)
 <use images/yukon.png>
Package pdftex.def Info: images/yukon.png used on input line 550.
(pdftex.def)             Requested size: 259.36462pt x 131.91666pt.

<images/yuki.png, id=140, 557.83406pt x 536.75531pt>
File: images/yuki.png Graphic file (type png)
 <use images/yuki.png>
Package pdftex.def Info: images/yuki.png used on input line 556.
(pdftex.def)             Requested size: 129.68231pt x 124.77792pt.

<images/gameover.png, id=141, 1443.14156pt x 732.48656pt>
File: images/gameover.png Graphic file (type png)

<use images/gameover.png>
Package pdftex.def Info: images/gameover.png used on input line 563.
(pdftex.def)             Requested size: 432.26999pt x 219.40117pt.


LaTeX Warning: `h' float specifier changed to `ht'.

[27 <//win4.ad.dcs.gla.ac.uk/it13/homes/2108535r/Downloads/ITECH/Project/Projec
t/Latex/images/endofday.png> <//win4.ad.dcs.gla.ac.uk/it13/homes/2108535r/Downl
oads/ITECH/Project/Project/Latex/images/bronze.png> <//win4.ad.dcs.gla.ac.uk/it
13/homes/2108535r/Downloads/ITECH/Project/Project/Latex/images/nogold.png> <//w
in4.ad.dcs.gla.ac.uk/it13/homes/2108535r/Downloads/ITECH/Project/Project/Latex/
images/yukon.png> <//win4.ad.dcs.gla.ac.uk/it13/homes/2108535r/Downloads/ITECH/
Project/Project/Latex/images/yuki.png>]
<images/architecture.png, id=145, 836.12375pt x 229.85875pt>
File: images/architecture.png Graphic file (type png)

<use images/architecture.png>
Package pdftex.def Info: images/architecture.png used on input line 570.
(pdftex.def)             Requested size: 432.26999pt x 118.83627pt.

<images/er.png, id=146, 858.20625pt x 756.8275pt>
File: images/er.png Graphic file (type png)
 <use images/er.png>
Package pdftex.def Info: images/er.png used on input line 578.
(pdftex.def)             Requested size: 302.58766pt x 266.84525pt.
 [28 <//win4.ad.dcs.gla.ac.uk/it13/homes/2108535r/Downloads/ITECH/Project/Proje
ct/Latex/images/gameover.png> <//win4.ad.dcs.gla.ac.uk/it13/homes/2108535r/Down
loads/ITECH/Project/Project/Latex/images/architecture.png>] [29 <//win4.ad.dcs.
gla.ac.uk/it13/homes/2108535r/Downloads/ITECH/Project/Project/Latex/images/er.p
ng>]
[30] [31]
Chapter 4.
[32

] [33]
Chapter 5.
[34

]
Appendix A.
[35

]
Appendix B.

(\\win4.ad.dcs.gla.ac.uk\it13\homes\2108535r\Downloads\ITECH\Project\Project\La
tex\mproj.bbl [36

]

LaTeX Warning: Empty `thebibliography' environment on input line 3.

) [37

]
(\\win4.ad.dcs.gla.ac.uk\it13\homes\2108535r\Downloads\ITECH\Project\Project\La
tex\mproj.aux)

LaTeX Warning: There were multiply-defined labels.

 ) 
Here is how much of TeX's memory you used:
 6538 strings out of 494049
 97759 string characters out of 3148351
 169058 words of memory out of 3000000
 9692 multiletter control sequences out of 15000+200000
 50315 words of font info for 66 fonts, out of 3000000 for 9000
 715 hyphenation exceptions out of 8191
 42i,21n,40p,1299b,533s stack positions out of 5000i,500n,10000p,200000b,50000s
{C:/Program Files/MiKTeX 2.9/fonts/enc/dvips/fontname/8r.enc}<C:/Program File
s/MiKTeX 2.9/fonts/type1/public/amsfonts/cm/cmex10.pfb><C:/Program Files/MiKTeX
 2.9/fonts/type1/public/amsfonts/cm/cmmi10.pfb><C:/Program Files/MiKTeX 2.9/fon
ts/type1/public/amsfonts/cm/cmmi8.pfb><C:/Program Files/MiKTeX 2.9/fonts/type1/
public/amsfonts/cm/cmr10.pfb><C:/Program Files/MiKTeX 2.9/fonts/type1/public/am
sfonts/cm/cmr8.pfb><C:/Program Files/MiKTeX 2.9/fonts/type1/public/amsfonts/cm/
cmsy10.pfb><C:/Program Files/MiKTeX 2.9/fonts/type1/urw/helvetic/uhvb8a.pfb><C:
/Program Files/MiKTeX 2.9/fonts/type1/urw/helvetic/uhvr8a.pfb><C:/Program Files
/MiKTeX 2.9/fonts/type1/urw/helvetic/uhvro8a.pfb>
Output written on mproj.pdf (39 pages, 18045458 bytes).
PDF statistics:
 213 PDF objects out of 1000 (max. 8388607)
 0 named destinations out of 1000 (max. 500000)
 151 words of extra memory for PDF output out of 10000 (max. 10000000)

